<?xml version="1.0" encoding="UTF-8"?>
<testng-results ignored="0" total="3" passed="3" failed="0" skipped="0">
  <reporter-output>
  </reporter-output>
  <suite started-at="2023-05-24T19:47:30 IST" name="Default suite" finished-at="2023-05-24T19:47:34 IST" duration-ms="3377">
    <groups>
    </groups>
    <test started-at="2023-05-24T19:47:30 IST" name="Default test" finished-at="2023-05-24T19:47:34 IST" duration-ms="3377">
      <class name="tests.PutPatchDeleteTests">
        <test-method signature="deleteTest()[pri:0, instance:tests.PutPatchDeleteTests@76508ed1]" started-at="2023-05-24T19:47:30 IST" name="deleteTest" finished-at="2023-05-24T19:47:32 IST" duration-ms="1744" status="PASS">
          <reporter-output>
          </reporter-output>
        </test-method> <!-- deleteTest -->
        <test-method signature="patchTest()[pri:0, instance:tests.PutPatchDeleteTests@76508ed1]" started-at="2023-05-24T19:47:32 IST" name="patchTest" finished-at="2023-05-24T19:47:33 IST" duration-ms="866" status="PASS">
          <reporter-output>
          </reporter-output>
        </test-method> <!-- patchTest -->
        <test-method signature="putTest()[pri:0, instance:tests.PutPatchDeleteTests@76508ed1]" started-at="2023-05-24T19:47:33 IST" name="putTest" finished-at="2023-05-24T19:47:34 IST" duration-ms="727" status="PASS">
          <reporter-output>
          </reporter-output>
        </test-method> <!-- putTest -->
      </class> <!-- tests.PutPatchDeleteTests -->
    </test> <!-- Default test -->
  </suite> <!-- Default suite -->
</testng-results>
