<?xml version="1.0" encoding="UTF-8"?>
<!-- Generated by org.testng.reporters.JUnitXMLReporter -->
<testsuite ignored="0" hostname="BLR-6PXG7T3" failures="0" tests="3" name="Default test" time="3.377" errors="0" timestamp="2023-05-24T19:47:34 IST">
  <testcase classname="tests.PutPatchDeleteTests" name="deleteTest" time="1.744"/>
  <testcase classname="tests.PutPatchDeleteTests" name="patchTest" time="0.866"/>
  <testcase classname="tests.PutPatchDeleteTests" name="putTest" time="0.727"/>
</testsuite> <!-- Default test -->
